<?xml version="1.0" encoding="UTF-8"?>
<coverage generated="1464356578">
  <project timestamp="1464356578">
    <package name="TKAccounts\Commands">
      <file name="/var/www/tokenpass/app/Commands/Command.php">
        <class name="Command" namespace="TKAccounts\Commands">
          <metrics methods="0" coveredmethods="0" conditionals="0" coveredconditionals="0" statements="0" coveredstatements="0" elements="0" coveredelements="0"/>
        </class>
        <metrics loc="8" ncloc="8" classes="1" methods="0" coveredmethods="0" conditionals="0" coveredconditionals="0" statements="0" coveredstatements="0" elements="0" coveredelements="0"/>
      </file>
      <file name="/var/www/tokenpass/app/Commands/ImportCMSAccount.php">
        <class name="ImportCMSAccount" namespace="TKAccounts\Commands">
          <metrics methods="2" coveredmethods="1" conditionals="0" coveredconditionals="0" statements="29" coveredstatements="10" elements="31" coveredelements="11"/>
        </class>
        <line num="27" type="method" name="__construct" crap="1" count="1"/>
        <line num="29" type="stmt" count="1"/>
        <line num="30" type="stmt" count="1"/>
        <line num="31" type="stmt" count="1"/>
        <line num="38" type="method" name="handle" crap="58.22" count="1"/>
        <line num="40" type="stmt" count="1"/>
        <line num="42" type="stmt" count="1"/>
        <line num="43" type="stmt" count="1"/>
        <line num="46" type="stmt" count="1"/>
        <line num="49" type="stmt" count="1"/>
        <line num="50" type="stmt" count="1"/>
        <line num="51" type="stmt" count="1"/>
        <line num="56" type="stmt" count="0"/>
        <line num="57" type="stmt" count="0"/>
        <line num="58" type="stmt" count="0"/>
        <line num="59" type="stmt" count="0"/>
        <line num="62" type="stmt" count="0"/>
        <line num="63" type="stmt" count="0"/>
        <line num="64" type="stmt" count="0"/>
        <line num="66" type="stmt" count="0"/>
        <line num="67" type="stmt" count="0"/>
        <line num="70" type="stmt" count="0"/>
        <line num="71" type="stmt" count="0"/>
        <line num="72" type="stmt" count="0"/>
        <line num="76" type="stmt" count="0"/>
        <line num="77" type="stmt" count="0"/>
        <line num="78" type="stmt" count="0"/>
        <line num="80" type="stmt" count="0"/>
        <line num="83" type="stmt" count="0"/>
        <line num="86" type="stmt" count="0"/>
        <line num="88" type="stmt" count="0"/>
        <metrics loc="93" ncloc="69" classes="1" methods="2" coveredmethods="1" conditionals="0" coveredconditionals="0" statements="29" coveredstatements="10" elements="31" coveredelements="11"/>
      </file>
      <file name="/var/www/tokenpass/app/Commands/SendUserConfirmationEmail.php">
        <class name="SendUserConfirmationEmail" namespace="TKAccounts\Commands">
          <metrics methods="4" coveredmethods="4" conditionals="0" coveredconditionals="0" statements="13" coveredstatements="13" elements="17" coveredelements="17"/>
        </class>
        <line num="19" type="method" name="__construct" crap="1" count="6"/>
        <line num="21" type="stmt" count="6"/>
        <line num="22" type="stmt" count="6"/>
        <line num="29" type="method" name="handle" crap="1" count="6"/>
        <line num="31" type="stmt" count="6"/>
        <line num="33" type="stmt" count="6"/>
        <line num="35" type="method" name="anonymous function" crap="1" count="6"/>
        <line num="36" type="stmt" count="6"/>
        <line num="37" type="stmt" count="6"/>
        <line num="38" type="stmt" count="6"/>
        <line num="41" type="method" name="resetEmailConfirmationCode" crap="1" count="6"/>
        <line num="42" type="stmt" count="6"/>
        <line num="43" type="stmt" count="6"/>
        <line num="45" type="stmt" count="6"/>
        <line num="46" type="stmt" count="6"/>
        <line num="47" type="stmt" count="6"/>
        <line num="48" type="stmt" count="6"/>
        <line num="49" type="stmt" count="6"/>
        <metrics loc="51" ncloc="41" classes="1" methods="4" coveredmethods="4" conditionals="0" coveredconditionals="0" statements="14" coveredstatements="14" elements="18" coveredelements="18"/>
      </file>
      <file name="/var/www/tokenpass/app/Commands/SyncCMSAccount.php">
        <class name="SyncCMSAccount" namespace="TKAccounts\Commands">
          <metrics methods="2" coveredmethods="0" conditionals="0" coveredconditionals="0" statements="48" coveredstatements="7" elements="50" coveredelements="7"/>
        </class>
        <line num="20" type="method" name="__construct" crap="2.02" count="12"/>
        <line num="22" type="stmt" count="12"/>
        <line num="23" type="stmt" count="12"/>
        <line num="25" type="stmt" count="12"/>
        <line num="27" type="stmt" count="12"/>
        <line num="28" type="stmt" count="0"/>
        <line num="30" type="stmt" count="12"/>
        <line num="37" type="method" name="handle" crap="136.39" count="12"/>
        <line num="39" type="stmt" count="12"/>
        <line num="40" type="stmt" count="12"/>
        <line num="44" type="stmt" count="0"/>
        <line num="45" type="stmt" count="0"/>
        <line num="46" type="stmt" count="0"/>
        <line num="47" type="stmt" count="0"/>
        <line num="48" type="stmt" count="0"/>
        <line num="49" type="stmt" count="0"/>
        <line num="50" type="stmt" count="0"/>
        <line num="51" type="stmt" count="0"/>
        <line num="52" type="stmt" count="0"/>
        <line num="53" type="stmt" count="0"/>
        <line num="54" type="stmt" count="0"/>
        <line num="55" type="stmt" count="0"/>
        <line num="56" type="stmt" count="0"/>
        <line num="57" type="stmt" count="0"/>
        <line num="58" type="stmt" count="0"/>
        <line num="59" type="stmt" count="0"/>
        <line num="60" type="stmt" count="0"/>
        <line num="61" type="stmt" count="0"/>
        <line num="62" type="stmt" count="0"/>
        <line num="63" type="stmt" count="0"/>
        <line num="64" type="stmt" count="0"/>
        <line num="65" type="stmt" count="0"/>
        <line num="66" type="stmt" count="0"/>
        <line num="68" type="stmt" count="0"/>
        <line num="70" type="stmt" count="0"/>
        <line num="71" type="stmt" count="0"/>
        <line num="72" type="stmt" count="0"/>
        <line num="73" type="stmt" count="0"/>
        <line num="74" type="stmt" count="0"/>
        <line num="75" type="stmt" count="0"/>
        <line num="76" type="stmt" count="0"/>
        <line num="77" type="stmt" count="0"/>
        <line num="79" type="stmt" count="0"/>
        <line num="80" type="stmt" count="0"/>
        <line num="81" type="stmt" count="0"/>
        <line num="82" type="stmt" count="0"/>
        <line num="83" type="stmt" count="0"/>
        <line num="84" type="stmt" count="0"/>
        <line num="85" type="stmt" count="0"/>
        <line num="86" type="stmt" count="0"/>
        <metrics loc="88" ncloc="74" classes="1" methods="2" coveredmethods="0" conditionals="0" coveredconditionals="0" statements="48" coveredstatements="7" elements="50" coveredelements="7"/>
      </file>
    </package>
    <package name="TKAccounts\Console\Commands">
      <file name="/var/www/tokenpass/app/Console/Commands/ExpireProvisionalTransactions.php">
        <class name="ExpireProvisionalTransactions" namespace="TKAccounts\Console\Commands">
          <metrics methods="2" coveredmethods="1" conditionals="0" coveredconditionals="0" statements="24" coveredstatements="2" elements="26" coveredelements="3"/>
        </class>
        <line num="29" type="method" name="__construct" crap="1" count="46"/>
        <line num="31" type="stmt" count="46"/>
        <line num="32" type="stmt" count="46"/>
        <line num="39" type="method" name="handle" crap="56" count="0"/>
        <line num="41" type="stmt" count="0"/>
        <line num="42" type="stmt" count="0"/>
        <line num="43" type="stmt" count="0"/>
        <line num="44" type="stmt" count="0"/>
        <line num="45" type="stmt" count="0"/>
        <line num="46" type="stmt" count="0"/>
        <line num="47" type="stmt" count="0"/>
        <line num="49" type="stmt" count="0"/>
        <line num="50" type="stmt" count="0"/>
        <line num="51" type="stmt" count="0"/>
        <line num="52" type="stmt" count="0"/>
        <line num="53" type="stmt" count="0"/>
        <line num="54" type="stmt" count="0"/>
        <line num="55" type="stmt" count="0"/>
        <line num="57" type="stmt" count="0"/>
        <line num="58" type="stmt" count="0"/>
        <line num="59" type="stmt" count="0"/>
        <line num="60" type="stmt" count="0"/>
        <line num="63" type="stmt" count="0"/>
        <line num="64" type="stmt" count="0"/>
        <line num="68" type="stmt" count="0"/>
        <line num="69" type="stmt" count="0"/>
        <metrics loc="72" ncloc="52" classes="1" methods="2" coveredmethods="1" conditionals="0" coveredconditionals="0" statements="24" coveredstatements="2" elements="26" coveredelements="3"/>
      </file>
      <file name="/var/www/tokenpass/app/Console/Commands/FetchCMSAccountInfoCommand.php">
        <class name="FetchCMSAccountInfoCommand" namespace="TKAccounts\Console\Commands">
          <metrics methods="3" coveredmethods="2" conditionals="0" coveredconditionals="0" statements="12" coveredstatements="4" elements="15" coveredelements="6"/>
        </class>
        <line num="31" type="method" name="getArguments" crap="1" count="46"/>
        <line num="34" type="stmt" count="46"/>
        <line num="35" type="stmt" count="46"/>
        <line num="36" type="stmt" count="46"/>
        <line num="43" type="method" name="getOptions" crap="1" count="46"/>
        <line num="48" type="stmt" count="46"/>
        <line num="57" type="method" name="handle" crap="2" count="0"/>
        <line num="59" type="stmt" count="0"/>
        <line num="61" type="stmt" count="0"/>
        <line num="62" type="stmt" count="0"/>
        <line num="64" type="stmt" count="0"/>
        <line num="69" type="stmt" count="0"/>
        <line num="70" type="stmt" count="0"/>
        <line num="72" type="stmt" count="0"/>
        <line num="74" type="stmt" count="0"/>
        <metrics loc="75" ncloc="44" classes="1" methods="3" coveredmethods="2" conditionals="0" coveredconditionals="0" statements="12" coveredstatements="4" elements="15" coveredelements="6"/>
      </file>
      <file name="/var/www/tokenpass/app/Console/Commands/PopulateCMSUsernamesCacheCommand.php">
        <class name="PopulateCMSUsernamesCacheCommand" namespace="TKAccounts\Console\Commands">
          <metrics methods="3" coveredmethods="2" conditionals="0" coveredconditionals="0" statements="7" coveredstatements="2" elements="10" coveredelements="4"/>
        </class>
        <line num="31" type="method" name="getArguments" crap="1" count="46"/>
        <line num="35" type="stmt" count="46"/>
        <line num="42" type="method" name="getOptions" crap="1" count="46"/>
        <line num="47" type="stmt" count="46"/>
        <line num="56" type="method" name="handle" crap="2" count="0"/>
        <line num="58" type="stmt" count="0"/>
        <line num="60" type="stmt" count="0"/>
        <line num="62" type="stmt" count="0"/>
        <line num="64" type="stmt" count="0"/>
        <line num="66" type="stmt" count="0"/>
        <metrics loc="67" ncloc="38" classes="1" methods="3" coveredmethods="2" conditionals="0" coveredconditionals="0" statements="7" coveredstatements="2" elements="10" coveredelements="4"/>
      </file>
      <file name="/var/www/tokenpass/app/Console/Commands/ScanCoinAddresses.php">
        <class name="ScanCoinAddresses" namespace="TKAccounts\Console\Commands">
          <metrics methods="1" coveredmethods="0" conditionals="0" coveredconditionals="0" statements="16" coveredstatements="0" elements="17" coveredelements="0"/>
        </class>
        <line num="29" type="method" name="handle" crap="56" count="0"/>
        <line num="32" type="stmt" count="0"/>
        <line num="34" type="stmt" count="0"/>
        <line num="35" type="stmt" count="0"/>
        <line num="36" type="stmt" count="0"/>
        <line num="38" type="stmt" count="0"/>
        <line num="39" type="stmt" count="0"/>
        <line num="40" type="stmt" count="0"/>
        <line num="41" type="stmt" count="0"/>
        <line num="42" type="stmt" count="0"/>
        <line num="43" type="stmt" count="0"/>
        <line num="44" type="stmt" count="0"/>
        <line num="45" type="stmt" count="0"/>
        <line num="47" type="stmt" count="0"/>
        <line num="49" type="stmt" count="0"/>
        <line num="50" type="stmt" count="0"/>
        <line num="51" type="stmt" count="0"/>
        <metrics loc="53" ncloc="36" classes="1" methods="1" coveredmethods="0" conditionals="0" coveredconditionals="0" statements="16" coveredstatements="0" elements="17" coveredelements="0"/>
      </file>
    </package>
    <package name="TKAccounts\Console\Commands\Migrations">
      <file name="/var/www/tokenpass/app/Console/Commands/Migrations/SyncUnmanagedAddressesWithXChain.php">
        <class name="SyncUnmanagedAddressesWithXChain" namespace="TKAccounts\Console\Commands\Migrations">
          <metrics methods="4" coveredmethods="3" conditionals="0" coveredconditionals="0" statements="15" coveredstatements="4" elements="19" coveredelements="7"/>
        </class>
        <line num="34" type="method" name="__construct" crap="1" count="46"/>
        <line num="36" type="stmt" count="46"/>
        <line num="37" type="stmt" count="46"/>
        <line num="45" type="method" name="getArguments" crap="1" count="46"/>
        <line num="49" type="stmt" count="46"/>
        <line num="57" type="method" name="getOptions" crap="1" count="46"/>
        <line num="61" type="stmt" count="46"/>
        <line num="70" type="method" name="fire" crap="12" count="0"/>
        <line num="74" type="stmt" count="0"/>
        <line num="75" type="stmt" count="0"/>
        <line num="76" type="stmt" count="0"/>
        <line num="77" type="stmt" count="0"/>
        <line num="78" type="stmt" count="0"/>
        <line num="79" type="stmt" count="0"/>
        <line num="80" type="stmt" count="0"/>
        <line num="81" type="stmt" count="0"/>
        <line num="82" type="stmt" count="0"/>
        <line num="85" type="stmt" count="0"/>
        <line num="86" type="stmt" count="0"/>
        <metrics loc="88" ncloc="52" classes="1" methods="4" coveredmethods="3" conditionals="0" coveredconditionals="0" statements="15" coveredstatements="4" elements="19" coveredelements="7"/>
      </file>
    </package>
    <package name="TKAccounts\Console">
      <file name="/var/www/tokenpass/app/Console/Kernel.php">
        <class name="Kernel" namespace="TKAccounts\Console">
          <metrics methods="1" coveredmethods="1" conditionals="0" coveredconditionals="0" statements="2" coveredstatements="2" elements="3" coveredelements="3"/>
        </class>
        <line num="36" type="method" name="schedule" crap="1" count="46"/>
        <line num="39" type="stmt" count="46"/>
        <line num="40" type="stmt" count="46"/>
        <metrics loc="41" ncloc="26" classes="1" methods="1" coveredmethods="1" conditionals="0" coveredconditionals="0" statements="2" coveredstatements="2" elements="3" coveredelements="3"/>
      </file>
    </package>
    <package name="TKAccounts\Events">
      <file name="/var/www/tokenpass/app/Events/Event.php">
        <class name="Event" namespace="TKAccounts\Events">
          <metrics methods="0" coveredmethods="0" conditionals="0" coveredconditionals="0" statements="0" coveredstatements="0" elements="0" coveredelements="0"/>
        </class>
        <metrics loc="8" ncloc="6" classes="1" methods="0" coveredmethods="0" conditionals="0" coveredconditionals="0" statements="0" coveredstatements="0" elements="0" coveredelements="0"/>
      </file>
    </package>
    <package name="TKAccounts\Exceptions">
      <file name="/var/www/tokenpass/app/Exceptions/Handler.php">
        <class name="Handler" namespace="TKAccounts\Exceptions">
          <metrics methods="2" coveredmethods="2" conditionals="0" coveredconditionals="0" statements="2" coveredstatements="2" elements="4" coveredelements="4"/>
        </class>
        <line num="34" type="method" name="report" crap="1" count="12"/>
        <line num="36" type="stmt" count="12"/>
        <line num="46" type="method" name="render" crap="1" count="12"/>
        <line num="48" type="stmt" count="12"/>
        <metrics loc="50" ncloc="30" classes="1" methods="2" coveredmethods="2" conditionals="0" coveredconditionals="0" statements="2" coveredstatements="2" elements="4" coveredelements="4"/>
      </file>
    </package>
    <package name="TKAccounts\Handlers\Monitoring">
      <file name="/var/www/tokenpass/app/Handlers/Monitoring/MonitoringHandler.php">
        <class name="MonitoringHandler" namespace="TKAccounts\Handlers\Monitoring">
          <metrics methods="3" coveredmethods="2" conditionals="0" coveredconditionals="0" statements="6" coveredstatements="4" elements="9" coveredelements="6"/>
        </class>
        <line num="16" type="method" name="__construct" crap="1" count="46"/>
        <line num="17" type="stmt" count="46"/>
        <line num="18" type="stmt" count="46"/>
        <line num="20" type="method" name="handleConsoleHealthCheck" crap="2" count="0"/>
        <line num="22" type="stmt" count="0"/>
        <line num="23" type="stmt" count="0"/>
        <line num="25" type="method" name="subscribe" crap="1" count="46"/>
        <line num="26" type="stmt" count="46"/>
        <line num="27" type="stmt" count="46"/>
        <metrics loc="33" ncloc="22" classes="1" methods="3" coveredmethods="2" conditionals="0" coveredconditionals="0" statements="6" coveredstatements="4" elements="9" coveredelements="6"/>
      </file>
    </package>
    <package name="TKAccounts\Handlers\XChain">
      <file name="/var/www/tokenpass/app/Handlers/XChain/XChainBlockHandler.php">
        <class name="XChainBlockHandler" namespace="TKAccounts\Handlers\XChain">
          <metrics methods="2" coveredmethods="2" conditionals="0" coveredconditionals="0" statements="3" coveredstatements="3" elements="5" coveredelements="5"/>
        </class>
        <line num="13" type="method" name="__construct" crap="1" count="1"/>
        <line num="14" type="stmt" count="1"/>
        <line num="16" type="method" name="handleBlock" crap="1" count="1"/>
        <line num="17" type="stmt" count="1"/>
        <line num="19" type="stmt" count="1"/>
        <metrics loc="25" ncloc="14" classes="1" methods="2" coveredmethods="2" conditionals="0" coveredconditionals="0" statements="3" coveredstatements="3" elements="5" coveredelements="5"/>
      </file>
      <file name="/var/www/tokenpass/app/Handlers/XChain/XChainTransactionHandler.php">
        <class name="XChainTransactionHandler" namespace="TKAccounts\Handlers\XChain">
          <metrics methods="2" coveredmethods="1" conditionals="0" coveredconditionals="0" statements="61" coveredstatements="22" elements="63" coveredelements="23"/>
        </class>
        <line num="20" type="method" name="__construct" crap="1" count="2"/>
        <line num="21" type="stmt" count="2"/>
        <line num="22" type="stmt" count="2"/>
        <line num="23" type="stmt" count="2"/>
        <line num="25" type="method" name="handleTransaction" crap="83.41" count="2"/>
        <line num="29" type="stmt" count="2"/>
        <line num="30" type="stmt" count="2"/>
        <line num="31" type="stmt" count="1"/>
        <line num="32" type="stmt" count="0"/>
        <line num="33" type="stmt" count="2"/>
        <line num="36" type="stmt" count="2"/>
        <line num="37" type="stmt" count="1"/>
        <line num="38" type="stmt" count="1"/>
        <line num="39" type="stmt" count="1"/>
        <line num="41" type="stmt" count="2"/>
        <line num="42" type="stmt" count="0"/>
        <line num="43" type="stmt" count="0"/>
        <line num="47" type="stmt" count="2"/>
        <line num="50" type="stmt" count="2"/>
        <line num="53" type="stmt" count="2"/>
        <line num="54" type="stmt" count="2"/>
        <line num="55" type="stmt" count="2"/>
        <line num="56" type="stmt" count="1"/>
        <line num="57" type="stmt" count="1"/>
        <line num="60" type="stmt" count="2"/>
        <line num="62" type="stmt" count="0"/>
        <line num="63" type="stmt" count="0"/>
        <line num="64" type="stmt" count="2"/>
        <line num="67" type="stmt" count="0"/>
        <line num="69" type="stmt" count="0"/>
        <line num="72" type="stmt" count="0"/>
        <line num="73" type="stmt" count="0"/>
        <line num="74" type="stmt" count="0"/>
        <line num="75" type="stmt" count="0"/>
        <line num="76" type="stmt" count="0"/>
        <line num="77" type="stmt" count="0"/>
        <line num="79" type="stmt" count="0"/>
        <line num="80" type="stmt" count="0"/>
        <line num="81" type="stmt" count="0"/>
        <line num="83" type="stmt" count="0"/>
        <line num="84" type="stmt" count="0"/>
        <line num="85" type="stmt" count="0"/>
        <line num="86" type="stmt" count="0"/>
        <line num="88" type="stmt" count="0"/>
        <line num="89" type="stmt" count="0"/>
        <line num="90" type="stmt" count="0"/>
        <line num="92" type="stmt" count="0"/>
        <line num="93" type="stmt" count="0"/>
        <line num="94" type="stmt" count="0"/>
        <line num="95" type="stmt" count="0"/>
        <line num="96" type="stmt" count="0"/>
        <line num="97" type="stmt" count="0"/>
        <line num="98" type="stmt" count="0"/>
        <line num="99" type="stmt" count="0"/>
        <line num="100" type="stmt" count="0"/>
        <line num="101" type="stmt" count="0"/>
        <line num="102" type="stmt" count="0"/>
        <line num="103" type="stmt" count="0"/>
        <line num="104" type="stmt" count="0"/>
        <line num="105" type="stmt" count="0"/>
        <line num="106" type="stmt" count="0"/>
        <line num="107" type="stmt" count="0"/>
        <line num="110" type="stmt" count="2"/>
        <metrics loc="117" ncloc="82" classes="1" methods="2" coveredmethods="1" conditionals="0" coveredconditionals="0" statements="61" coveredstatements="22" elements="63" coveredelements="23"/>
      </file>
    </package>
    <package name="TKAccounts\Http\Controllers\API">
      <file name="/var/www/tokenpass/app/Http/Controllers/API/APIController.php">
        <class name="APIController" namespace="TKAccounts\Http\Controllers\API">
          <metrics methods="29" coveredmethods="1" conditionals="0" coveredconditionals="0" statements="1288" coveredstatements="411" elements="1317" coveredelements="412"/>
        </class>
        <line num="28" type="method" name="__construct" crap="1" count="6"/>
        <line num="30" type="stmt" count="6"/>
        <line num="31" type="stmt" count="6"/>
        <line num="32" type="stmt" count="6"/>
        <line num="33" type="stmt" count="6"/>
        <line num="35" type="method" name="checkTokenAccess" crap="36.78" count="2"/>
        <line num="36" type="stmt" count="1"/>
        <line num="37" type="stmt" count="2"/>
        <line num="38" type="stmt" count="2"/>
        <line num="39" type="stmt" count="2"/>
        <line num="42" type="stmt" count="1"/>
        <line num="43" type="stmt" count="1"/>
        <line num="44" type="stmt" count="1"/>
        <line num="45" type="stmt" count="1"/>
        <line num="46" type="stmt" count="1"/>
        <line num="47" type="stmt" count="1"/>
        <line num="48" type="stmt" count="1"/>
        <line num="49" type="stmt" count="1"/>
        <line num="50" type="stmt" count="0"/>
        <line num="51" type="stmt" count="0"/>
        <line num="52" type="stmt" count="0"/>
        <line num="54" type="stmt" count="1"/>
        <line num="55" type="stmt" count="1"/>
        <line num="57" type="stmt" count="1"/>
        <line num="58" type="stmt" count="1"/>
        <line num="59" type="stmt" count="0"/>
        <line num="60" type="stmt" count="0"/>
        <line num="62" type="stmt" count="1"/>
        <line num="63" type="stmt" count="1"/>
        <line num="65" type="stmt" count="0"/>
        <line num="66" type="stmt" count="0"/>
        <line num="68" type="stmt" count="0"/>
        <line num="70" type="stmt" count="0"/>
        <line num="71" type="stmt" count="0"/>
        <line num="73" type="stmt" count="0"/>
        <line num="74" type="stmt" count="0"/>
        <line num="75" type="stmt" count="0"/>
        <line num="77" type="stmt" count="0"/>
        <line num="78" type="stmt" count="0"/>
        <line num="79" type="stmt" count="0"/>
        <line num="81" type="stmt" count="0"/>
        <line num="85" type="stmt" count="1"/>
        <line num="86" type="stmt" count="1"/>
        <line num="87" type="stmt" count="0"/>
        <line num="88" type="stmt" count="0"/>
        <line num="89" type="stmt" count="0"/>
        <line num="93" type="stmt" count="1"/>
        <line num="94" type="stmt" count="1"/>
        <line num="95" type="stmt" count="0"/>
        <line num="96" type="stmt" count="0"/>
        <line num="97" type="stmt" count="1"/>
        <line num="98" type="stmt" count="1"/>
        <line num="102" type="stmt" count="1"/>
        <line num="103" type="stmt" count="1"/>
        <line num="104" type="stmt" count="0"/>
        <line num="105" type="stmt" count="0"/>
        <line num="106" type="stmt" count="0"/>
        <line num="109" type="stmt" count="1"/>
        <line num="110" type="stmt" count="1"/>
        <line num="111" type="stmt" count="1"/>
        <line num="112" type="stmt" count="1"/>
        <line num="113" type="stmt" count="1"/>
        <line num="114" type="stmt" count="1"/>
        <line num="115" type="stmt" count="1"/>
        <line num="116" type="stmt" count="1"/>
        <line num="117" type="stmt" count="1"/>
        <line num="118" type="stmt" count="1"/>
        <line num="119" type="stmt" count="1"/>
        <line num="120" type="stmt" count="0"/>
        <line num="121" type="stmt" count="0"/>
        <line num="122" type="stmt" count="1"/>
        <line num="123" type="stmt" count="1"/>
        <line num="124" type="stmt" count="1"/>
        <line num="126" type="stmt" count="1"/>
        <line num="128" type="stmt" count="1"/>
        <line num="129" type="stmt" count="1"/>
        <line num="130" type="stmt" count="1"/>
        <line num="131" type="stmt" count="1"/>
        <line num="132" type="stmt" count="1"/>
        <line num="133" type="stmt" count="0"/>
        <line num="134" type="stmt" count="0"/>
        <line num="135" type="stmt" count="1"/>
        <line num="136" type="stmt" count="1"/>
        <line num="138" type="stmt" count="1"/>
        <line num="139" type="stmt" count="1"/>
        <line num="140" type="stmt" count="1"/>
        <line num="141" type="stmt" count="1"/>
        <line num="142" type="stmt" count="1"/>
        <line num="143" type="stmt" count="1"/>
        <line num="144" type="stmt" count="1"/>
        <line num="145" type="stmt" count="1"/>
        <line num="146" type="stmt" count="1"/>
        <line num="147" type="stmt" count="1"/>
        <line num="149" type="stmt" count="1"/>
        <line num="152" type="method" name="getAddresses" crap="355.27" count="1"/>
        <line num="154" type="stmt" count="0"/>
        <line num="155" type="stmt" count="0"/>
        <line num="156" type="stmt" count="0"/>
        <line num="159" type="stmt" count="0"/>
        <line num="160" type="stmt" count="0"/>
        <line num="161" type="stmt" count="0"/>
        <line num="162" type="stmt" count="0"/>
        <line num="163" type="stmt" count="0"/>
        <line num="164" type="stmt" count="1"/>
        <line num="165" type="stmt" count="1"/>
        <line num="166" type="stmt" count="0"/>
        <line num="167" type="stmt" count="0"/>
        <line num="168" type="stmt" count="0"/>
        <line num="169" type="stmt" count="0"/>
        <line num="172" type="stmt" count="0"/>
        <line num="173" type="stmt" count="0"/>
        <line num="174" type="stmt" count="0"/>
        <line num="175" type="stmt" count="0"/>
        <line num="176" type="stmt" count="0"/>
        <line num="177" type="stmt" count="0"/>
        <line num="181" type="stmt" count="0"/>
        <line num="182" type="stmt" count="0"/>
        <line num="183" type="stmt" count="0"/>
        <line num="184" type="stmt" count="0"/>
        <line num="185" type="stmt" count="0"/>
        <line num="186" type="stmt" count="1"/>
        <line num="191" type="stmt" count="0"/>
        <line num="192" type="stmt" count="0"/>
        <line num="194" type="stmt" count="0"/>
        <line num="195" type="stmt" count="0"/>
        <line num="196" type="stmt" count="1"/>
        <line num="197" type="stmt" count="0"/>
        <line num="200" type="stmt" count="0"/>
        <line num="201" type="stmt" count="0"/>
        <line num="202" type="stmt" count="0"/>
        <line num="203" type="stmt" count="0"/>
        <line num="206" type="stmt" count="0"/>
        <line num="207" type="stmt" count="0"/>
        <line num="208" type="stmt" count="0"/>
        <line num="209" type="stmt" count="0"/>
        <line num="210" type="stmt" count="0"/>
        <line num="211" type="stmt" count="0"/>
        <line num="212" type="stmt" count="0"/>
        <line num="213" type="stmt" count="0"/>
        <line num="214" type="stmt" count="0"/>
        <line num="215" type="stmt" count="0"/>
        <line num="217" type="stmt" count="0"/>
        <line num="218" type="stmt" count="0"/>
        <line num="219" type="stmt" count="0"/>
        <line num="220" type="stmt" count="0"/>
        <line num="222" type="stmt" count="0"/>
        <line num="223" type="stmt" count="0"/>
        <line num="224" type="stmt" count="0"/>
        <line num="226" type="stmt" count="0"/>
        <line num="227" type="stmt" count="0"/>
        <line num="228" type="stmt" count="0"/>
        <line num="229" type="stmt" count="0"/>
        <line num="231" type="stmt" count="0"/>
        <line num="232" type="stmt" count="0"/>
        <line num="233" type="stmt" count="0"/>
        <line num="234" type="stmt" count="0"/>
        <line num="235" type="stmt" count="0"/>
        <line num="236" type="stmt" count="0"/>
        <line num="237" type="stmt" count="0"/>
        <line num="238" type="stmt" count="0"/>
        <line num="239" type="stmt" count="0"/>
        <line num="240" type="stmt" count="0"/>
        <line num="241" type="stmt" count="0"/>
        <line num="242" type="stmt" count="0"/>
        <line num="244" type="stmt" count="0"/>
        <line num="247" type="method" name="getRefreshedAddresses" crap="2" count="0"/>
        <line num="249" type="stmt" count="0"/>
        <line num="252" type="method" name="getAddressDetails" crap="380" count="0"/>
        <line num="254" type="stmt" count="0"/>
        <line num="255" type="stmt" count="0"/>
        <line num="257" type="stmt" count="0"/>
        <line num="258" type="stmt" count="0"/>
        <line num="259" type="stmt" count="0"/>
        <line num="260" type="stmt" count="0"/>
        <line num="261" type="stmt" count="0"/>
        <line num="262" type="stmt" count="0"/>
        <line num="263" type="stmt" count="0"/>
        <line num="264" type="stmt" count="0"/>
        <line num="265" type="stmt" count="0"/>
        <line num="266" type="stmt" count="0"/>
        <line num="267" type="stmt" count="0"/>
        <line num="270" type="stmt" count="0"/>
        <line num="271" type="stmt" count="0"/>
        <line num="272" type="stmt" count="0"/>
        <line num="273" type="stmt" count="0"/>
        <line num="274" type="stmt" count="0"/>
        <line num="275" type="stmt" count="0"/>
        <line num="279" type="stmt" count="0"/>
        <line num="280" type="stmt" count="0"/>
        <line num="281" type="stmt" count="0"/>
        <line num="282" type="stmt" count="0"/>
        <line num="283" type="stmt" count="0"/>
        <line num="286" type="stmt" count="0"/>
        <line num="287" type="stmt" count="0"/>
        <line num="289" type="stmt" count="0"/>
        <line num="290" type="stmt" count="0"/>
        <line num="292" type="stmt" count="0"/>
        <line num="293" type="stmt" count="0"/>
        <line num="294" type="stmt" count="0"/>
        <line num="295" type="stmt" count="0"/>
        <line num="297" type="stmt" count="0"/>
        <line num="298" type="stmt" count="0"/>
        <line num="299" type="stmt" count="0"/>
        <line num="300" type="stmt" count="0"/>
        <line num="301" type="stmt" count="0"/>
        <line num="302" type="stmt" count="0"/>
        <line num="303" type="stmt" count="0"/>
        <line num="305" type="stmt" count="0"/>
        <line num="307" type="stmt" count="0"/>
        <line num="308" type="stmt" count="0"/>
        <line num="309" type="stmt" count="0"/>
        <line num="310" type="stmt" count="0"/>
        <line num="312" type="stmt" count="0"/>
        <line num="314" type="stmt" count="0"/>
        <line num="315" type="stmt" count="0"/>
        <line num="316" type="stmt" count="0"/>
        <line num="317" type="stmt" count="0"/>
        <line num="318" type="stmt" count="0"/>
        <line num="321" type="stmt" count="0"/>
        <line num="322" type="stmt" count="0"/>
        <line num="323" type="stmt" count="0"/>
        <line num="324" type="stmt" count="0"/>
        <line num="325" type="stmt" count="0"/>
        <line num="326" type="stmt" count="0"/>
        <line num="327" type="stmt" count="0"/>
        <line num="328" type="stmt" count="0"/>
        <line num="329" type="stmt" count="0"/>
        <line num="330" type="stmt" count="0"/>
        <line num="331" type="stmt" count="0"/>
        <line num="332" type="stmt" count="0"/>
        <line num="334" type="stmt" count="0"/>
        <line num="338" type="method" name="registerAddress" crap="420" count="0"/>
        <line num="340" type="stmt" count="0"/>
        <line num="341" type="stmt" count="0"/>
        <line num="343" type="stmt" count="0"/>
        <line num="344" type="stmt" count="0"/>
        <line num="345" type="stmt" count="0"/>
        <line num="346" type="stmt" count="0"/>
        <line num="347" type="stmt" count="0"/>
        <line num="348" type="stmt" count="0"/>
        <line num="349" type="stmt" count="0"/>
        <line num="350" type="stmt" count="0"/>
        <line num="351" type="stmt" count="0"/>
        <line num="352" type="stmt" count="0"/>
        <line num="353" type="stmt" count="0"/>
        <line num="357" type="stmt" count="0"/>
        <line num="358" type="stmt" count="0"/>
        <line num="359" type="stmt" count="0"/>
        <line num="360" type="stmt" count="0"/>
        <line num="362" type="stmt" count="0"/>
        <line num="363" type="stmt" count="0"/>
        <line num="364" type="stmt" count="0"/>
        <line num="365" type="stmt" count="0"/>
        <line num="367" type="stmt" count="0"/>
        <line num="369" type="stmt" count="0"/>
        <line num="370" type="stmt" count="0"/>
        <line num="371" type="stmt" count="0"/>
        <line num="372" type="stmt" count="0"/>
        <line num="373" type="stmt" count="0"/>
        <line num="374" type="stmt" count="0"/>
        <line num="375" type="stmt" count="0"/>
        <line num="376" type="stmt" count="0"/>
        <line num="377" type="stmt" count="0"/>
        <line num="378" type="stmt" count="0"/>
        <line num="379" type="stmt" count="0"/>
        <line num="380" type="stmt" count="0"/>
        <line num="381" type="stmt" count="0"/>
        <line num="383" type="stmt" count="0"/>
        <line num="384" type="stmt" count="0"/>
        <line num="385" type="stmt" count="0"/>
        <line num="386" type="stmt" count="0"/>
        <line num="389" type="stmt" count="0"/>
        <line num="391" type="stmt" count="0"/>
        <line num="393" type="stmt" count="0"/>
        <line num="394" type="stmt" count="0"/>
        <line num="395" type="stmt" count="0"/>
        <line num="396" type="stmt" count="0"/>
        <line num="397" type="stmt" count="0"/>
        <line num="398" type="stmt" count="0"/>
        <line num="400" type="stmt" count="0"/>
        <line num="404" type="stmt" count="0"/>
        <line num="405" type="stmt" count="0"/>
        <line num="406" type="stmt" count="0"/>
        <line num="407" type="stmt" count="0"/>
        <line num="409" type="stmt" count="0"/>
        <line num="410" type="stmt" count="0"/>
        <line num="411" type="stmt" count="0"/>
        <line num="412" type="stmt" count="0"/>
        <line num="414" type="stmt" count="0"/>
        <line num="415" type="stmt" count="0"/>
        <line num="416" type="stmt" count="0"/>
        <line num="417" type="stmt" count="0"/>
        <line num="419" type="stmt" count="0"/>
        <line num="420" type="stmt" count="0"/>
        <line num="421" type="stmt" count="0"/>
        <line num="422" type="stmt" count="0"/>
        <line num="423" type="stmt" count="0"/>
        <line num="426" type="stmt" count="0"/>
        <line num="427" type="stmt" count="0"/>
        <line num="428" type="stmt" count="0"/>
        <line num="429" type="stmt" count="0"/>
        <line num="430" type="stmt" count="0"/>
        <line num="431" type="stmt" count="0"/>
        <line num="432" type="stmt" count="0"/>
        <line num="433" type="stmt" count="0"/>
        <line num="435" type="stmt" count="0"/>
        <line num="436" type="stmt" count="0"/>
        <line num="437" type="stmt" count="0"/>
        <line num="438" type="stmt" count="0"/>
        <line num="441" type="stmt" count="0"/>
        <line num="442" type="stmt" count="0"/>
        <line num="443" type="stmt" count="0"/>
        <line num="444" type="stmt" count="0"/>
        <line num="445" type="stmt" count="0"/>
        <line num="446" type="stmt" count="0"/>
        <line num="447" type="stmt" count="0"/>
        <line num="448" type="stmt" count="0"/>
        <line num="450" type="stmt" count="0"/>
        <line num="453" type="method" name="editAddress" crap="210" count="0"/>
        <line num="455" type="stmt" count="0"/>
        <line num="456" type="stmt" count="0"/>
        <line num="458" type="stmt" count="0"/>
        <line num="459" type="stmt" count="0"/>
        <line num="460" type="stmt" count="0"/>
        <line num="461" type="stmt" count="0"/>
        <line num="462" type="stmt" count="0"/>
        <line num="463" type="stmt" count="0"/>
        <line num="464" type="stmt" count="0"/>
        <line num="465" type="stmt" count="0"/>
        <line num="466" type="stmt" count="0"/>
        <line num="467" type="stmt" count="0"/>
        <line num="468" type="stmt" count="0"/>
        <line num="472" type="stmt" count="0"/>
        <line num="473" type="stmt" count="0"/>
        <line num="474" type="stmt" count="0"/>
        <line num="475" type="stmt" count="0"/>
        <line num="476" type="stmt" count="0"/>
        <line num="477" type="stmt" count="0"/>
        <line num="478" type="stmt" count="0"/>
        <line num="479" type="stmt" count="0"/>
        <line num="481" type="stmt" count="0"/>
        <line num="482" type="stmt" count="0"/>
        <line num="483" type="stmt" count="0"/>
        <line num="484" type="stmt" count="0"/>
        <line num="488" type="stmt" count="0"/>
        <line num="489" type="stmt" count="0"/>
        <line num="490" type="stmt" count="0"/>
        <line num="491" type="stmt" count="0"/>
        <line num="492" type="stmt" count="0"/>
        <line num="495" type="stmt" count="0"/>
        <line num="496" type="stmt" count="0"/>
        <line num="497" type="stmt" count="0"/>
        <line num="498" type="stmt" count="0"/>
        <line num="499" type="stmt" count="0"/>
        <line num="500" type="stmt" count="0"/>
        <line num="501" type="stmt" count="0"/>
        <line num="502" type="stmt" count="0"/>
        <line num="503" type="stmt" count="0"/>
        <line num="504" type="stmt" count="0"/>
        <line num="505" type="stmt" count="0"/>
        <line num="506" type="stmt" count="0"/>
        <line num="507" type="stmt" count="0"/>
        <line num="508" type="stmt" count="0"/>
        <line num="509" type="stmt" count="0"/>
        <line num="510" type="stmt" count="0"/>
        <line num="513" type="stmt" count="0"/>
        <line num="516" type="method" name="deleteAddress" crap="132" count="0"/>
        <line num="518" type="stmt" count="0"/>
        <line num="519" type="stmt" count="0"/>
        <line num="521" type="stmt" count="0"/>
        <line num="522" type="stmt" count="0"/>
        <line num="523" type="stmt" count="0"/>
        <line num="524" type="stmt" count="0"/>
        <line num="525" type="stmt" count="0"/>
        <line num="526" type="stmt" count="0"/>
        <line num="527" type="stmt" count="0"/>
        <line num="528" type="stmt" count="0"/>
        <line num="529" type="stmt" count="0"/>
        <line num="530" type="stmt" count="0"/>
        <line num="531" type="stmt" count="0"/>
        <line num="535" type="stmt" count="0"/>
        <line num="536" type="stmt" count="0"/>
        <line num="537" type="stmt" count="0"/>
        <line num="538" type="stmt" count="0"/>
        <line num="539" type="stmt" count="0"/>
        <line num="540" type="stmt" count="0"/>
        <line num="541" type="stmt" count="0"/>
        <line num="542" type="stmt" count="0"/>
        <line num="544" type="stmt" count="0"/>
        <line num="545" type="stmt" count="0"/>
        <line num="546" type="stmt" count="0"/>
        <line num="547" type="stmt" count="0"/>
        <line num="550" type="stmt" count="0"/>
        <line num="551" type="stmt" count="0"/>
        <line num="552" type="stmt" count="0"/>
        <line num="553" type="stmt" count="0"/>
        <line num="554" type="stmt" count="0"/>
        <line num="557" type="stmt" count="0"/>
        <line num="558" type="stmt" count="0"/>
        <line num="559" type="stmt" count="0"/>
        <line num="560" type="stmt" count="0"/>
        <line num="561" type="stmt" count="0"/>
        <line num="564" type="stmt" count="0"/>
        <line num="565" type="stmt" count="0"/>
        <line num="569" type="method" name="verifyAddress" crap="272" count="0"/>
        <line num="571" type="stmt" count="0"/>
        <line num="572" type="stmt" count="0"/>
        <line num="574" type="stmt" count="0"/>
        <line num="575" type="stmt" count="0"/>
        <line num="576" type="stmt" count="0"/>
        <line num="577" type="stmt" count="0"/>
        <line num="578" type="stmt" count="0"/>
        <line num="579" type="stmt" count="0"/>
        <line num="580" type="stmt" count="0"/>
        <line num="581" type="stmt" count="0"/>
        <line num="582" type="stmt" count="0"/>
        <line num="583" type="stmt" count="0"/>
        <line num="584" type="stmt" count="0"/>
        <line num="588" type="stmt" count="0"/>
        <line num="589" type="stmt" count="0"/>
        <line num="590" type="stmt" count="0"/>
        <line num="591" type="stmt" count="0"/>
        <line num="592" type="stmt" count="0"/>
        <line num="593" type="stmt" count="0"/>
        <line num="594" type="stmt" count="0"/>
        <line num="595" type="stmt" count="0"/>
        <line num="597" type="stmt" count="0"/>
        <line num="598" type="stmt" count="0"/>
        <line num="599" type="stmt" count="0"/>
        <line num="600" type="stmt" count="0"/>
        <line num="604" type="stmt" count="0"/>
        <line num="605" type="stmt" count="0"/>
        <line num="606" type="stmt" count="0"/>
        <line num="607" type="stmt" count="0"/>
        <line num="608" type="stmt" count="0"/>
        <line num="611" type="stmt" count="0"/>
        <line num="612" type="stmt" count="0"/>
        <line num="613" type="stmt" count="0"/>
        <line num="614" type="stmt" count="0"/>
        <line num="617" type="stmt" count="0"/>
        <line num="618" type="stmt" count="0"/>
        <line num="619" type="stmt" count="0"/>
        <line num="620" type="stmt" count="0"/>
        <line num="623" type="stmt" count="0"/>
        <line num="625" type="stmt" count="0"/>
        <line num="626" type="stmt" count="0"/>
        <line num="628" type="stmt" count="0"/>
        <line num="629" type="stmt" count="0"/>
        <line num="630" type="stmt" count="0"/>
        <line num="631" type="stmt" count="0"/>
        <line num="632" type="stmt" count="0"/>
        <line num="634" type="stmt" count="0"/>
        <line num="635" type="stmt" count="0"/>
        <line num="636" type="stmt" count="0"/>
        <line num="637" type="stmt" count="0"/>
        <line num="640" type="stmt" count="0"/>
        <line num="641" type="stmt" count="0"/>
        <line num="642" type="stmt" count="0"/>
        <line num="643" type="stmt" count="0"/>
        <line num="644" type="stmt" count="0"/>
        <line num="645" type="stmt" count="0"/>
        <line num="649" type="stmt" count="0"/>
        <line num="651" type="stmt" count="0"/>
        <line num="652" type="stmt" count="0"/>
        <line num="655" type="method" name="checkAddressTokenAccess" crap="156" count="0"/>
        <line num="657" type="stmt" count="0"/>
        <line num="658" type="stmt" count="0"/>
        <line num="660" type="stmt" count="0"/>
        <line num="661" type="stmt" count="0"/>
        <line num="662" type="stmt" count="0"/>
        <line num="663" type="stmt" count="0"/>
        <line num="666" type="stmt" count="0"/>
        <line num="667" type="stmt" count="0"/>
        <line num="668" type="stmt" count="0"/>
        <line num="669" type="stmt" count="0"/>
        <line num="670" type="stmt" count="0"/>
        <line num="671" type="stmt" count="0"/>
        <line num="674" type="stmt" count="0"/>
        <line num="675" type="stmt" count="0"/>
        <line num="676" type="stmt" count="0"/>
        <line num="677" type="stmt" count="0"/>
        <line num="678" type="stmt" count="0"/>
        <line num="679" type="stmt" count="0"/>
        <line num="682" type="stmt" count="0"/>
        <line num="683" type="stmt" count="0"/>
        <line num="685" type="stmt" count="0"/>
        <line num="686" type="stmt" count="0"/>
        <line num="687" type="stmt" count="0"/>
        <line num="688" type="stmt" count="0"/>
        <line num="689" type="stmt" count="0"/>
        <line num="690" type="stmt" count="0"/>
        <line num="691" type="stmt" count="0"/>
        <line num="692" type="stmt" count="0"/>
        <line num="693" type="stmt" count="0"/>
        <line num="694" type="stmt" count="0"/>
        <line num="695" type="stmt" count="0"/>
        <line num="696" type="stmt" count="0"/>
        <line num="697" type="stmt" count="0"/>
        <line num="698" type="stmt" count="0"/>
        <line num="699" type="stmt" count="0"/>
        <line num="700" type="stmt" count="0"/>
        <line num="701" type="stmt" count="0"/>
        <line num="703" type="stmt" count="0"/>
        <line num="705" type="stmt" count="0"/>
        <line num="706" type="stmt" count="0"/>
        <line num="707" type="stmt" count="0"/>
        <line num="708" type="stmt" count="0"/>
        <line num="709" type="stmt" count="0"/>
        <line num="710" type="stmt" count="0"/>
        <line num="711" type="stmt" count="0"/>
        <line num="713" type="stmt" count="0"/>
        <line num="715" type="stmt" count="0"/>
        <line num="716" type="stmt" count="0"/>
        <line num="717" type="stmt" count="0"/>
        <line num="719" type="stmt" count="0"/>
        <line num="721" type="stmt" count="0"/>
        <line num="722" type="stmt" count="0"/>
        <line num="725" type="stmt" count="0"/>
        <line num="727" type="stmt" count="0"/>
        <line num="730" type="method" name="requestOAuth" crap="552" count="0"/>
        <line num="732" type="stmt" count="0"/>
        <line num="733" type="stmt" count="0"/>
        <line num="734" type="stmt" count="0"/>
        <line num="736" type="stmt" count="0"/>
        <line num="737" type="stmt" count="0"/>
        <line num="738" type="stmt" count="0"/>
        <line num="739" type="stmt" count="0"/>
        <line num="741" type="stmt" count="0"/>
        <line num="742" type="stmt" count="0"/>
        <line num="743" type="stmt" count="0"/>
        <line num="744" type="stmt" count="0"/>
        <line num="746" type="stmt" count="0"/>
        <line num="747" type="stmt" count="0"/>
        <line num="748" type="stmt" count="0"/>
        <line num="749" type="stmt" count="0"/>
        <line num="750" type="stmt" count="0"/>
        <line num="751" type="stmt" count="0"/>
        <line num="753" type="stmt" count="0"/>
        <line num="754" type="stmt" count="0"/>
        <line num="755" type="stmt" count="0"/>
        <line num="756" type="stmt" count="0"/>
        <line num="757" type="stmt" count="0"/>
        <line num="758" type="stmt" count="0"/>
        <line num="759" type="stmt" count="0"/>
        <line num="760" type="stmt" count="0"/>
        <line num="761" type="stmt" count="0"/>
        <line num="763" type="stmt" count="0"/>
        <line num="764" type="stmt" count="0"/>
        <line num="765" type="stmt" count="0"/>
        <line num="766" type="stmt" count="0"/>
        <line num="768" type="stmt" count="0"/>
        <line num="769" type="stmt" count="0"/>
        <line num="770" type="stmt" count="0"/>
        <line num="771" type="stmt" count="0"/>
        <line num="773" type="stmt" count="0"/>
        <line num="774" type="stmt" count="0"/>
        <line num="775" type="stmt" count="0"/>
        <line num="776" type="stmt" count="0"/>
        <line num="778" type="stmt" count="0"/>
        <line num="779" type="stmt" count="0"/>
        <line num="782" type="stmt" count="0"/>
        <line num="783" type="stmt" count="0"/>
        <line num="784" type="stmt" count="0"/>
        <line num="785" type="stmt" count="0"/>
        <line num="786" type="stmt" count="0"/>
        <line num="788" type="stmt" count="0"/>
        <line num="789" type="stmt" count="0"/>
        <line num="790" type="stmt" count="0"/>
        <line num="791" type="stmt" count="0"/>
        <line num="792" type="stmt" count="0"/>
        <line num="795" type="stmt" count="0"/>
        <line num="796" type="stmt" count="0"/>
        <line num="797" type="stmt" count="0"/>
        <line num="798" type="stmt" count="0"/>
        <line num="799" type="stmt" count="0"/>
        <line num="800" type="stmt" count="0"/>
        <line num="801" type="stmt" count="0"/>
        <line num="802" type="stmt" count="0"/>
        <line num="803" type="stmt" count="0"/>
        <line num="804" type="stmt" count="0"/>
        <line num="805" type="stmt" count="0"/>
        <line num="806" type="stmt" count="0"/>
        <line num="807" type="stmt" count="0"/>
        <line num="809" type="stmt" count="0"/>
        <line num="810" type="stmt" count="0"/>
        <line num="811" type="stmt" count="0"/>
        <line num="812" type="stmt" count="0"/>
        <line num="813" type="stmt" count="0"/>
        <line num="814" type="stmt" count="0"/>
        <line num="815" type="stmt" count="0"/>
        <line num="816" type="stmt" count="0"/>
        <line num="817" type="stmt" count="0"/>
        <line num="818" type="stmt" count="0"/>
        <line num="820" type="stmt" count="0"/>
        <line num="823" type="method" name="getOAuthToken" crap="6" count="0"/>
        <line num="825" type="stmt" count="0"/>
        <line num="827" type="stmt" count="0"/>
        <line num="828" type="stmt" count="0"/>
        <line num="829" type="stmt" count="0"/>
        <line num="830" type="stmt" count="0"/>
        <line num="832" type="stmt" count="0"/>
        <line num="835" type="method" name="registerAccount" crap="342" count="0"/>
        <line num="837" type="stmt" count="0"/>
        <line num="838" type="stmt" count="0"/>
        <line num="839" type="stmt" count="0"/>
        <line num="840" type="stmt" count="0"/>
        <line num="842" type="stmt" count="0"/>
        <line num="843" type="stmt" count="0"/>
        <line num="844" type="stmt" count="0"/>
        <line num="845" type="stmt" count="0"/>
        <line num="847" type="stmt" count="0"/>
        <line num="848" type="stmt" count="0"/>
        <line num="849" type="stmt" count="0"/>
        <line num="850" type="stmt" count="0"/>
        <line num="852" type="stmt" count="0"/>
        <line num="853" type="stmt" count="0"/>
        <line num="854" type="stmt" count="0"/>
        <line num="855" type="stmt" count="0"/>
        <line num="857" type="stmt" count="0"/>
        <line num="858" type="stmt" count="0"/>
        <line num="859" type="stmt" count="0"/>
        <line num="860" type="stmt" count="0"/>
        <line num="862" type="stmt" count="0"/>
        <line num="863" type="stmt" count="0"/>
        <line num="866" type="stmt" count="0"/>
        <line num="867" type="stmt" count="0"/>
        <line num="868" type="stmt" count="0"/>
        <line num="869" type="stmt" count="0"/>
        <line num="870" type="stmt" count="0"/>
        <line num="871" type="stmt" count="0"/>
        <line num="872" type="stmt" count="0"/>
        <line num="875" type="stmt" count="0"/>
        <line num="876" type="stmt" count="0"/>
        <line num="877" type="stmt" count="0"/>
        <line num="878" type="stmt" count="0"/>
        <line num="879" type="stmt" count="0"/>
        <line num="881" type="stmt" count="0"/>
        <line num="882" type="stmt" count="0"/>
        <line num="883" type="stmt" count="0"/>
        <line num="884" type="stmt" count="0"/>
        <line num="885" type="stmt" count="0"/>
        <line num="886" type="stmt" count="0"/>
        <line num="888" type="stmt" count="0"/>
        <line num="890" type="stmt" count="0"/>
        <line num="892" type="stmt" count="0"/>
        <line num="893" type="stmt" count="0"/>
        <line num="894" type="stmt" count="0"/>
        <line num="895" type="stmt" count="0"/>
        <line num="897" type="stmt" count="0"/>
        <line num="899" type="stmt" count="0"/>
        <line num="900" type="stmt" count="0"/>
        <line num="901" type="stmt" count="0"/>
        <line num="902" type="stmt" count="0"/>
        <line num="903" type="stmt" count="0"/>
        <line num="904" type="stmt" count="0"/>
        <line num="906" type="stmt" count="0"/>
        <line num="907" type="stmt" count="0"/>
        <line num="908" type="stmt" count="0"/>
        <line num="911" type="stmt" count="0"/>
        <line num="912" type="stmt" count="0"/>
        <line num="913" type="stmt" count="0"/>
        <line num="914" type="stmt" count="0"/>
        <line num="915" type="stmt" count="0"/>
        <line num="917" type="stmt" count="0"/>
        <line num="920" type="method" name="updateAccount" crap="756" count="0"/>
        <line num="922" type="stmt" count="0"/>
        <line num="923" type="stmt" count="0"/>
        <line num="924" type="stmt" count="0"/>
        <line num="925" type="stmt" count="0"/>
        <line num="927" type="stmt" count="0"/>
        <line num="928" type="stmt" count="0"/>
        <line num="929" type="stmt" count="0"/>
        <line num="930" type="stmt" count="0"/>
        <line num="932" type="stmt" count="0"/>
        <line num="933" type="stmt" count="0"/>
        <line num="934" type="stmt" count="0"/>
        <line num="935" type="stmt" count="0"/>
        <line num="937" type="stmt" count="0"/>
        <line num="938" type="stmt" count="0"/>
        <line num="939" type="stmt" count="0"/>
        <line num="940" type="stmt" count="0"/>
        <line num="942" type="stmt" count="0"/>
        <line num="943" type="stmt" count="0"/>
        <line num="944" type="stmt" count="0"/>
        <line num="945" type="stmt" count="0"/>
        <line num="947" type="stmt" count="0"/>
        <line num="948" type="stmt" count="0"/>
        <line num="951" type="stmt" count="0"/>
        <line num="953" type="stmt" count="0"/>
        <line num="954" type="stmt" count="0"/>
        <line num="955" type="stmt" count="0"/>
        <line num="956" type="stmt" count="0"/>
        <line num="957" type="stmt" count="0"/>
        <line num="958" type="stmt" count="0"/>
        <line num="959" type="stmt" count="0"/>
        <line num="960" type="stmt" count="0"/>
        <line num="961" type="stmt" count="0"/>
        <line num="962" type="stmt" count="0"/>
        <line num="963" type="stmt" count="0"/>
        <line num="966" type="stmt" count="0"/>
        <line num="967" type="stmt" count="0"/>
        <line num="968" type="stmt" count="0"/>
        <line num="969" type="stmt" count="0"/>
        <line num="972" type="stmt" count="0"/>
        <line num="973" type="stmt" count="0"/>
        <line num="974" type="stmt" count="0"/>
        <line num="975" type="stmt" count="0"/>
        <line num="976" type="stmt" count="0"/>
        <line num="977" type="stmt" count="0"/>
        <line num="978" type="stmt" count="0"/>
        <line num="979" type="stmt" count="0"/>
        <line num="980" type="stmt" count="0"/>
        <line num="981" type="stmt" count="0"/>
        <line num="983" type="stmt" count="0"/>
        <line num="984" type="stmt" count="0"/>
        <line num="985" type="stmt" count="0"/>
        <line num="987" type="stmt" count="0"/>
        <line num="988" type="stmt" count="0"/>
        <line num="990" type="stmt" count="0"/>
        <line num="991" type="stmt" count="0"/>
        <line num="992" type="stmt" count="0"/>
        <line num="993" type="stmt" count="0"/>
        <line num="994" type="stmt" count="0"/>
        <line num="995" type="stmt" count="0"/>
        <line num="996" type="stmt" count="0"/>
        <line num="997" type="stmt" count="0"/>
        <line num="998" type="stmt" count="0"/>
        <line num="999" type="stmt" count="0"/>
        <line num="1001" type="stmt" count="0"/>
        <line num="1003" type="stmt" count="0"/>
        <line num="1004" type="stmt" count="0"/>
        <line num="1005" type="stmt" count="0"/>
        <line num="1006" type="stmt" count="0"/>
        <line num="1008" type="stmt" count="0"/>
        <line num="1011" type="stmt" count="0"/>
        <line num="1014" type="method" name="invalidateOAuth" crap="56" count="0"/>
        <line num="1016" type="stmt" count="0"/>
        <line num="1017" type="stmt" count="0"/>
        <line num="1018" type="stmt" count="0"/>
        <line num="1019" type="stmt" count="0"/>
        <line num="1020" type="stmt" count="0"/>
        <line num="1021" type="stmt" count="0"/>
        <line num="1023" type="stmt" count="0"/>
        <line num="1024" type="stmt" count="0"/>
        <line num="1025" type="stmt" count="0"/>
        <line num="1027" type="stmt" count="0"/>
        <line num="1028" type="stmt" count="0"/>
        <line num="1029" type="stmt" count="0"/>
        <line num="1030" type="stmt" count="0"/>
        <line num="1032" type="stmt" count="0"/>
        <line num="1033" type="stmt" count="0"/>
        <line num="1034" type="stmt" count="0"/>
        <line num="1036" type="stmt" count="0"/>
        <line num="1037" type="stmt" count="0"/>
        <line num="1038" type="stmt" count="0"/>
        <line num="1039" type="stmt" count="0"/>
        <line num="1040" type="stmt" count="0"/>
        <line num="1041" type="stmt" count="0"/>
        <line num="1042" type="stmt" count="0"/>
        <line num="1043" type="stmt" count="0"/>
        <line num="1051" type="method" name="loginWithUsernameAndPassword" crap="4.07" count="2"/>
        <line num="1052" type="stmt" count="2"/>
        <line num="1053" type="stmt" count="2"/>
        <line num="1054" type="stmt" count="2"/>
        <line num="1055" type="stmt" count="2"/>
        <line num="1056" type="stmt" count="2"/>
        <line num="1059" type="stmt" count="1"/>
        <line num="1060" type="stmt" count="1"/>
        <line num="1061" type="stmt" count="1"/>
        <line num="1062" type="stmt" count="0"/>
        <line num="1063" type="stmt" count="0"/>
        <line num="1066" type="stmt" count="1"/>
        <line num="1067" type="stmt" count="1"/>
        <line num="1068" type="stmt" count="1"/>
        <line num="1069" type="stmt" count="1"/>
        <line num="1070" type="stmt" count="1"/>
        <line num="1071" type="stmt" count="1"/>
        <line num="1072" type="stmt" count="1"/>
        <line num="1073" type="stmt" count="1"/>
        <line num="1074" type="stmt" count="1"/>
        <line num="1075" type="stmt" count="1"/>
        <line num="1076" type="stmt" count="1"/>
        <line num="1077" type="stmt" count="1"/>
        <line num="1080" type="stmt" count="0"/>
        <line num="1081" type="stmt" count="0"/>
        <line num="1084" type="method" name="buildFailedValidationResponse" crap="3.05" count="1"/>
        <line num="1086" type="stmt" count="1"/>
        <line num="1087" type="stmt" count="1"/>
        <line num="1088" type="stmt" count="1"/>
        <line num="1089" type="stmt" count="1"/>
        <line num="1090" type="stmt" count="1"/>
        <line num="1091" type="stmt" count="1"/>
        <line num="1092" type="stmt" count="1"/>
        <line num="1093" type="stmt" count="1"/>
        <line num="1094" type="stmt" count="0"/>
        <line num="1095" type="stmt" count="0"/>
        <line num="1097" type="stmt" count="1"/>
        <line num="1101" type="method" name="extract_signature" crap="30" count="0"/>
        <line num="1103" type="stmt" count="0"/>
        <line num="1104" type="stmt" count="0"/>
        <line num="1106" type="stmt" count="0"/>
        <line num="1107" type="stmt" count="0"/>
        <line num="1108" type="stmt" count="0"/>
        <line num="1109" type="stmt" count="0"/>
        <line num="1110" type="stmt" count="0"/>
        <line num="1111" type="stmt" count="0"/>
        <line num="1112" type="stmt" count="0"/>
        <line num="1113" type="stmt" count="0"/>
        <line num="1114" type="stmt" count="0"/>
        <line num="1115" type="stmt" count="0"/>
        <line num="1118" type="method" name="lookupUserByAddress" crap="506" count="0"/>
        <line num="1120" type="stmt" count="0"/>
        <line num="1121" type="stmt" count="0"/>
        <line num="1122" type="stmt" count="0"/>
        <line num="1124" type="stmt" count="0"/>
        <line num="1125" type="stmt" count="0"/>
        <line num="1126" type="stmt" count="0"/>
        <line num="1127" type="stmt" count="0"/>
        <line num="1128" type="stmt" count="0"/>
        <line num="1129" type="stmt" count="0"/>
        <line num="1130" type="stmt" count="0"/>
        <line num="1131" type="stmt" count="0"/>
        <line num="1132" type="stmt" count="0"/>
        <line num="1133" type="stmt" count="0"/>
        <line num="1136" type="stmt" count="0"/>
        <line num="1138" type="stmt" count="0"/>
        <line num="1139" type="stmt" count="0"/>
        <line num="1140" type="stmt" count="0"/>
        <line num="1141" type="stmt" count="0"/>
        <line num="1142" type="stmt" count="0"/>
        <line num="1143" type="stmt" count="0"/>
        <line num="1144" type="stmt" count="0"/>
        <line num="1145" type="stmt" count="0"/>
        <line num="1146" type="stmt" count="0"/>
        <line num="1148" type="stmt" count="0"/>
        <line num="1149" type="stmt" count="0"/>
        <line num="1151" type="stmt" count="0"/>
        <line num="1152" type="stmt" count="0"/>
        <line num="1153" type="stmt" count="0"/>
        <line num="1154" type="stmt" count="0"/>
        <line num="1155" type="stmt" count="0"/>
        <line num="1156" type="stmt" count="0"/>
        <line num="1157" type="stmt" count="0"/>
        <line num="1158" type="stmt" count="0"/>
        <line num="1159" type="stmt" count="0"/>
        <line num="1160" type="stmt" count="0"/>
        <line num="1161" type="stmt" count="0"/>
        <line num="1162" type="stmt" count="0"/>
        <line num="1164" type="stmt" count="0"/>
        <line num="1165" type="stmt" count="0"/>
        <line num="1166" type="stmt" count="0"/>
        <line num="1167" type="stmt" count="0"/>
        <line num="1168" type="stmt" count="0"/>
        <line num="1169" type="stmt" count="0"/>
        <line num="1170" type="stmt" count="0"/>
        <line num="1171" type="stmt" count="0"/>
        <line num="1174" type="stmt" count="0"/>
        <line num="1175" type="stmt" count="0"/>
        <line num="1176" type="stmt" count="0"/>
        <line num="1177" type="stmt" count="0"/>
        <line num="1178" type="stmt" count="0"/>
        <line num="1179" type="stmt" count="0"/>
        <line num="1180" type="stmt" count="0"/>
        <line num="1181" type="stmt" count="0"/>
        <line num="1182" type="stmt" count="0"/>
        <line num="1185" type="stmt" count="0"/>
        <line num="1187" type="stmt" count="0"/>
        <line num="1188" type="stmt" count="0"/>
        <line num="1189" type="stmt" count="0"/>
        <line num="1190" type="stmt" count="0"/>
        <line num="1191" type="stmt" count="0"/>
        <line num="1193" type="stmt" count="0"/>
        <line num="1196" type="method" name="lookupAddressByUser" crap="56" count="0"/>
        <line num="1198" type="stmt" count="0"/>
        <line num="1199" type="stmt" count="0"/>
        <line num="1200" type="stmt" count="0"/>
        <line num="1202" type="stmt" count="0"/>
        <line num="1203" type="stmt" count="0"/>
        <line num="1204" type="stmt" count="0"/>
        <line num="1205" type="stmt" count="0"/>
        <line num="1206" type="stmt" count="0"/>
        <line num="1207" type="stmt" count="0"/>
        <line num="1208" type="stmt" count="0"/>
        <line num="1209" type="stmt" count="0"/>
        <line num="1210" type="stmt" count="0"/>
        <line num="1211" type="stmt" count="0"/>
        <line num="1213" type="stmt" count="0"/>
        <line num="1214" type="stmt" count="0"/>
        <line num="1215" type="stmt" count="0"/>
        <line num="1216" type="stmt" count="0"/>
        <line num="1219" type="stmt" count="0"/>
        <line num="1220" type="stmt" count="0"/>
        <line num="1221" type="stmt" count="0"/>
        <line num="1222" type="stmt" count="0"/>
        <line num="1224" type="stmt" count="0"/>
        <line num="1225" type="stmt" count="0"/>
        <line num="1226" type="stmt" count="0"/>
        <line num="1227" type="stmt" count="0"/>
        <line num="1228" type="stmt" count="0"/>
        <line num="1229" type="stmt" count="0"/>
        <line num="1232" type="method" name="instantVerifyAddress" crap="20.17" count="1"/>
        <line num="1234" type="stmt" count="1"/>
        <line num="1235" type="stmt" count="1"/>
        <line num="1238" type="stmt" count="1"/>
        <line num="1239" type="stmt" count="1"/>
        <line num="1240" type="stmt" count="1"/>
        <line num="1241" type="stmt" count="1"/>
        <line num="1245" type="stmt" count="1"/>
        <line num="1246" type="stmt" count="1"/>
        <line num="1247" type="stmt" count="0"/>
        <line num="1248" type="stmt" count="0"/>
        <line num="1252" type="stmt" count="1"/>
        <line num="1253" type="stmt" count="1"/>
        <line num="1254" type="stmt" count="1"/>
        <line num="1255" type="stmt" count="1"/>
        <line num="1256" type="stmt" count="0"/>
        <line num="1257" type="stmt" count="0"/>
        <line num="1259" type="stmt" count="1"/>
        <line num="1260" type="stmt" count="1"/>
        <line num="1261" type="stmt" count="1"/>
        <line num="1265" type="stmt" count="1"/>
        <line num="1266" type="stmt" count="1"/>
        <line num="1267" type="stmt" count="1"/>
        <line num="1268" type="stmt" count="1"/>
        <line num="1269" type="stmt" count="1"/>
        <line num="1273" type="stmt" count="1"/>
        <line num="1275" type="stmt" count="1"/>
        <line num="1277" type="stmt" count="1"/>
        <line num="1278" type="stmt" count="0"/>
        <line num="1280" type="stmt" count="1"/>
        <line num="1281" type="stmt" count="0"/>
        <line num="1282" type="stmt" count="0"/>
        <line num="1286" type="stmt" count="1"/>
        <line num="1287" type="stmt" count="1"/>
        <line num="1289" type="stmt" count="1"/>
        <line num="1290" type="stmt" count="1"/>
        <line num="1291" type="stmt" count="1"/>
        <line num="1292" type="stmt" count="1"/>
        <line num="1293" type="stmt" count="1"/>
        <line num="1294" type="stmt" count="1"/>
        <line num="1295" type="stmt" count="1"/>
        <line num="1296" type="stmt" count="1"/>
        <line num="1299" type="stmt" count="0"/>
        <line num="1300" type="stmt" count="0"/>
        <line num="1301" type="stmt" count="0"/>
        <line num="1303" type="stmt" count="1"/>
        <line num="1304" type="stmt" count="0"/>
        <line num="1305" type="stmt" count="0"/>
        <line num="1308" type="stmt" count="1"/>
        <line num="1310" type="stmt" count="1"/>
        <line num="1311" type="stmt" count="1"/>
        <line num="1314" type="stmt" count="1"/>
        <line num="1315" type="stmt" count="1"/>
        <line num="1316" type="stmt" count="1"/>
        <line num="1318" type="stmt" count="1"/>
        <line num="1321" type="method" name="registerProvisionalTCASourceAddress" crap="18.73" count="2"/>
        <line num="1323" type="stmt" count="2"/>
        <line num="1324" type="stmt" count="2"/>
        <line num="1325" type="stmt" count="2"/>
        <line num="1328" type="stmt" count="2"/>
        <line num="1329" type="stmt" count="2"/>
        <line num="1330" type="stmt" count="2"/>
        <line num="1331" type="stmt" count="2"/>
        <line num="1332" type="stmt" count="2"/>
        <line num="1333" type="stmt" count="2"/>
        <line num="1334" type="stmt" count="2"/>
        <line num="1335" type="stmt" count="2"/>
        <line num="1336" type="stmt" count="0"/>
        <line num="1337" type="stmt" count="0"/>
        <line num="1341" type="stmt" count="2"/>
        <line num="1342" type="stmt" count="0"/>
        <line num="1343" type="stmt" count="0"/>
        <line num="1346" type="stmt" count="2"/>
        <line num="1347" type="stmt" count="0"/>
        <line num="1348" type="stmt" count="0"/>
        <line num="1352" type="stmt" count="2"/>
        <line num="1353" type="stmt" count="2"/>
        <line num="1355" type="stmt" count="2"/>
        <line num="1357" type="stmt" count="2"/>
        <line num="1358" type="stmt" count="0"/>
        <line num="1360" type="stmt" count="2"/>
        <line num="1361" type="stmt" count="0"/>
        <line num="1362" type="stmt" count="0"/>
        <line num="1365" type="stmt" count="2"/>
        <line num="1366" type="stmt" count="2"/>
        <line num="1367" type="stmt" count="2"/>
        <line num="1368" type="stmt" count="1"/>
        <line num="1369" type="stmt" count="1"/>
        <line num="1370" type="stmt" count="2"/>
        <line num="1371" type="stmt" count="2"/>
        <line num="1373" type="stmt" count="2"/>
        <line num="1374" type="stmt" count="2"/>
        <line num="1375" type="stmt" count="2"/>
        <line num="1377" type="stmt" count="2"/>
        <line num="1378" type="stmt" count="2"/>
        <line num="1380" type="stmt" count="2"/>
        <line num="1381" type="stmt" count="2"/>
        <line num="1382" type="stmt" count="2"/>
        <line num="1383" type="stmt" count="2"/>
        <line num="1384" type="stmt" count="2"/>
        <line num="1387" type="stmt" count="0"/>
        <line num="1388" type="stmt" count="0"/>
        <line num="1391" type="stmt" count="2"/>
        <line num="1392" type="stmt" count="0"/>
        <line num="1393" type="stmt" count="0"/>
        <line num="1396" type="stmt" count="2"/>
        <line num="1398" type="stmt" count="2"/>
        <line num="1401" type="method" name="deleteProvisionalTCASourceAddress" crap="6.56" count="1"/>
        <line num="1403" type="stmt" count="1"/>
        <line num="1404" type="stmt" count="1"/>
        <line num="1405" type="stmt" count="1"/>
        <line num="1408" type="stmt" count="1"/>
        <line num="1409" type="stmt" count="1"/>
        <line num="1410" type="stmt" count="1"/>
        <line num="1411" type="stmt" count="1"/>
        <line num="1412" type="stmt" count="1"/>
        <line num="1413" type="stmt" count="1"/>
        <line num="1414" type="stmt" count="1"/>
        <line num="1415" type="stmt" count="1"/>
        <line num="1416" type="stmt" count="0"/>
        <line num="1417" type="stmt" count="0"/>
        <line num="1420" type="stmt" count="1"/>
        <line num="1421" type="stmt" count="1"/>
        <line num="1423" type="stmt" count="1"/>
        <line num="1424" type="stmt" count="0"/>
        <line num="1425" type="stmt" count="0"/>
        <line num="1428" type="stmt" count="1"/>
        <line num="1430" type="stmt" count="1"/>
        <line num="1431" type="stmt" count="0"/>
        <line num="1432" type="stmt" count="0"/>
        <line num="1435" type="stmt" count="1"/>
        <line num="1436" type="stmt" count="1"/>
        <line num="1439" type="method" name="getProvisionalTCASourceAddressList" crap="6.02" count="1"/>
        <line num="1441" type="stmt" count="1"/>
        <line num="1442" type="stmt" count="1"/>
        <line num="1443" type="stmt" count="1"/>
        <line num="1446" type="stmt" count="1"/>
        <line num="1447" type="stmt" count="1"/>
        <line num="1448" type="stmt" count="1"/>
        <line num="1449" type="stmt" count="1"/>
        <line num="1450" type="stmt" count="1"/>
        <line num="1451" type="stmt" count="1"/>
        <line num="1452" type="stmt" count="1"/>
        <line num="1453" type="stmt" count="1"/>
        <line num="1454" type="stmt" count="0"/>
        <line num="1455" type="stmt" count="0"/>
        <line num="1458" type="stmt" count="1"/>
        <line num="1460" type="stmt" count="1"/>
        <line num="1461" type="stmt" count="1"/>
        <line num="1462" type="stmt" count="1"/>
        <line num="1463" type="stmt" count="1"/>
        <line num="1464" type="stmt" count="1"/>
        <line num="1465" type="stmt" count="1"/>
        <line num="1466" type="stmt" count="1"/>
        <line num="1467" type="stmt" count="1"/>
        <line num="1468" type="stmt" count="1"/>
        <line num="1471" type="method" name="registerProvisionalTCATransaction" crap="29.05" count="1"/>
        <line num="1473" type="stmt" count="1"/>
        <line num="1474" type="stmt" count="1"/>
        <line num="1475" type="stmt" count="1"/>
        <line num="1478" type="stmt" count="1"/>
        <line num="1479" type="stmt" count="1"/>
        <line num="1480" type="stmt" count="1"/>
        <line num="1481" type="stmt" count="1"/>
        <line num="1482" type="stmt" count="1"/>
        <line num="1483" type="stmt" count="1"/>
        <line num="1484" type="stmt" count="1"/>
        <line num="1485" type="stmt" count="1"/>
        <line num="1486" type="stmt" count="0"/>
        <line num="1487" type="stmt" count="0"/>
        <line num="1491" type="stmt" count="1"/>
        <line num="1492" type="stmt" count="1"/>
        <line num="1493" type="stmt" count="1"/>
        <line num="1494" type="stmt" count="1"/>
        <line num="1495" type="stmt" count="1"/>
        <line num="1497" type="stmt" count="1"/>
        <line num="1500" type="stmt" count="1"/>
        <line num="1501" type="stmt" count="1"/>
        <line num="1502" type="stmt" count="1"/>
        <line num="1504" type="stmt" count="1"/>
        <line num="1505" type="stmt" count="0"/>
        <line num="1506" type="stmt" count="0"/>
        <line num="1510" type="stmt" count="1"/>
        <line num="1511" type="stmt" count="1"/>
        <line num="1512" type="stmt" count="1"/>
        <line num="1513" type="stmt" count="0"/>
        <line num="1514" type="stmt" count="0"/>
        <line num="1516" type="stmt" count="1"/>
        <line num="1519" type="stmt" count="1"/>
        <line num="1520" type="stmt" count="1"/>
        <line num="1521" type="stmt" count="1"/>
        <line num="1522" type="stmt" count="1"/>
        <line num="1523" type="stmt" count="1"/>
        <line num="1524" type="stmt" count="1"/>
        <line num="1525" type="stmt" count="0"/>
        <line num="1526" type="stmt" count="0"/>
        <line num="1527" type="stmt" count="0"/>
        <line num="1528" type="stmt" count="0"/>
        <line num="1529" type="stmt" count="1"/>
        <line num="1530" type="stmt" count="1"/>
        <line num="1531" type="stmt" count="1"/>
        <line num="1532" type="stmt" count="1"/>
        <line num="1533" type="stmt" count="1"/>
        <line num="1534" type="stmt" count="1"/>
        <line num="1535" type="stmt" count="1"/>
        <line num="1536" type="stmt" count="1"/>
        <line num="1537" type="stmt" count="1"/>
        <line num="1538" type="stmt" count="1"/>
        <line num="1539" type="stmt" count="1"/>
        <line num="1540" type="stmt" count="0"/>
        <line num="1541" type="stmt" count="0"/>
        <line num="1543" type="stmt" count="1"/>
        <line num="1547" type="stmt" count="1"/>
        <line num="1548" type="stmt" count="1"/>
        <line num="1549" type="stmt" count="0"/>
        <line num="1550" type="stmt" count="0"/>
        <line num="1554" type="stmt" count="1"/>
        <line num="1555" type="stmt" count="1"/>
        <line num="1556" type="stmt" count="0"/>
        <line num="1557" type="stmt" count="0"/>
        <line num="1559" type="stmt" count="1"/>
        <line num="1560" type="stmt" count="1"/>
        <line num="1561" type="stmt" count="1"/>
        <line num="1566" type="stmt" count="1"/>
        <line num="1567" type="stmt" count="1"/>
        <line num="1569" type="stmt" count="1"/>
        <line num="1570" type="stmt" count="0"/>
        <line num="1571" type="stmt" count="0"/>
        <line num="1574" type="stmt" count="1"/>
        <line num="1575" type="stmt" count="1"/>
        <line num="1576" type="stmt" count="1"/>
        <line num="1580" type="stmt" count="1"/>
        <line num="1581" type="stmt" count="1"/>
        <line num="1582" type="stmt" count="1"/>
        <line num="1583" type="stmt" count="1"/>
        <line num="1584" type="stmt" count="1"/>
        <line num="1585" type="stmt" count="1"/>
        <line num="1586" type="stmt" count="1"/>
        <line num="1587" type="stmt" count="1"/>
        <line num="1588" type="stmt" count="1"/>
        <line num="1589" type="stmt" count="1"/>
        <line num="1590" type="stmt" count="1"/>
        <line num="1591" type="stmt" count="1"/>
        <line num="1592" type="stmt" count="1"/>
        <line num="1594" type="stmt" count="1"/>
        <line num="1595" type="stmt" count="1"/>
        <line num="1597" type="stmt" count="1"/>
        <line num="1598" type="stmt" count="1"/>
        <line num="1599" type="stmt" count="0"/>
        <line num="1600" type="stmt" count="0"/>
        <line num="1603" type="stmt" count="1"/>
        <line num="1606" type="stmt" count="1"/>
        <line num="1607" type="stmt" count="1"/>
        <line num="1608" type="stmt" count="1"/>
        <line num="1611" type="method" name="getProvisionalTCATransaction" crap="6.10" count="1"/>
        <line num="1613" type="stmt" count="1"/>
        <line num="1614" type="stmt" count="1"/>
        <line num="1615" type="stmt" count="1"/>
[...]
        <line num="28" type="stmt" count="46"/>
        <line num="35" type="method" name="register" crap="1" count="46"/>
        <line num="38" type="stmt" count="46"/>
        <metrics loc="39" ncloc="25" classes="1" methods="2" coveredmethods="2" conditionals="0" coveredconditionals="0" statements="7" coveredstatements="5" elements="9" coveredelements="7"/>
      </file>
      <file name="/var/www/tokenpass/app/Providers/EventServiceProvider.php">
        <class name="EventServiceProvider" namespace="TKAccounts\Providers">
          <metrics methods="1" coveredmethods="1" conditionals="0" coveredconditionals="0" statements="2" coveredstatements="2" elements="3" coveredelements="3"/>
        </class>
        <line num="27" type="method" name="boot" crap="1" count="46"/>
        <line num="29" type="stmt" count="46"/>
        <line num="32" type="stmt" count="46"/>
        <metrics loc="33" ncloc="20" classes="1" methods="1" coveredmethods="1" conditionals="0" coveredconditionals="0" statements="2" coveredstatements="2" elements="3" coveredelements="3"/>
      </file>
      <file name="/var/www/tokenpass/app/Providers/RouteServiceProvider.php">
        <class name="RouteServiceProvider" namespace="TKAccounts\Providers">
          <metrics methods="2" coveredmethods="2" conditionals="0" coveredconditionals="0" statements="4" coveredstatements="4" elements="6" coveredelements="6"/>
        </class>
        <line num="25" type="method" name="boot" crap="1" count="46"/>
        <line num="29" type="stmt" count="46"/>
        <line num="30" type="stmt" count="46"/>
        <line num="40" type="method" name="anonymous function" crap="1" count="46"/>
        <line num="41" type="stmt" count="46"/>
        <line num="42" type="stmt" count="46"/>
        <line num="43" type="stmt" count="46"/>
        <metrics loc="44" ncloc="23" classes="1" methods="2" coveredmethods="2" conditionals="0" coveredconditionals="0" statements="5" coveredstatements="5" elements="7" coveredelements="7"/>
      </file>
    </package>
    <package name="TKAccounts\Providers\CMSAuth">
      <file name="/var/www/tokenpass/app/Providers/CMSAuth/CMSAccountLoader.php">
        <class name="CMSAccountLoader" namespace="TKAccounts\Providers\CMSAuth">
          <metrics methods="8" coveredmethods="0" conditionals="0" coveredconditionals="0" statements="73" coveredstatements="0" elements="81" coveredelements="0"/>
        </class>
        <line num="21" type="method" name="__construct" crap="2" count="0"/>
        <line num="22" type="stmt" count="0"/>
        <line num="23" type="stmt" count="0"/>
        <line num="24" type="stmt" count="0"/>
        <line num="26" type="method" name="getFullUserInfoWithLogin" crap="20" count="0"/>
        <line num="28" type="stmt" count="0"/>
        <line num="29" type="stmt" count="0"/>
        <line num="30" type="stmt" count="0"/>
        <line num="31" type="stmt" count="0"/>
        <line num="33" type="stmt" count="0"/>
        <line num="35" type="stmt" count="0"/>
        <line num="38" type="stmt" count="0"/>
        <line num="39" type="stmt" count="0"/>
        <line num="42" type="stmt" count="0"/>
        <line num="44" type="stmt" count="0"/>
        <line num="47" type="method" name="usernameExists" crap="72" count="0"/>
        <line num="48" type="stmt" count="0"/>
        <line num="50" type="stmt" count="0"/>
        <line num="52" type="stmt" count="0"/>
        <line num="53" type="stmt" count="0"/>
        <line num="54" type="stmt" count="0"/>
        <line num="55" type="stmt" count="0"/>
        <line num="57" type="stmt" count="0"/>
        <line num="61" type="stmt" count="0"/>
        <line num="62" type="stmt" count="0"/>
        <line num="63" type="stmt" count="0"/>
        <line num="64" type="stmt" count="0"/>
        <line num="66" type="stmt" count="0"/>
        <line num="69" type="stmt" count="0"/>
        <line num="70" type="stmt" count="0"/>
        <line num="73" type="stmt" count="0"/>
        <line num="76" type="method" name="populateUsernamesCache" crap="6" count="0"/>
        <line num="77" type="stmt" count="0"/>
        <line num="78" type="stmt" count="0"/>
        <line num="79" type="stmt" count="0"/>
        <line num="81" type="stmt" count="0"/>
        <line num="82" type="stmt" count="0"/>
        <line num="84" type="stmt" count="0"/>
        <line num="86" type="stmt" count="0"/>
        <line num="89" type="method" name="getAllPublicUsers" crap="2" count="0"/>
        <line num="90" type="stmt" count="0"/>
        <line num="91" type="stmt" count="0"/>
        <line num="94" type="method" name="getUserCoinAddresses" crap="12" count="0"/>
        <line num="96" type="stmt" count="0"/>
        <line num="97" type="stmt" count="0"/>
        <line num="98" type="stmt" count="0"/>
        <line num="100" type="stmt" count="0"/>
        <line num="103" type="method" name="checkTokenAccess" crap="12" count="0"/>
        <line num="105" type="stmt" count="0"/>
        <line num="106" type="stmt" count="0"/>
        <line num="107" type="stmt" count="0"/>
        <line num="109" type="stmt" count="0"/>
        <line num="112" type="method" name="fetchFromAPI" crap="110" count="0"/>
        <line num="113" type="stmt" count="0"/>
        <line num="114" type="stmt" count="0"/>
        <line num="115" type="stmt" count="0"/>
        <line num="116" type="stmt" count="0"/>
        <line num="117" type="stmt" count="0"/>
        <line num="119" type="stmt" count="0"/>
        <line num="120" type="stmt" count="0"/>
        <line num="122" type="stmt" count="0"/>
        <line num="125" type="stmt" count="0"/>
        <line num="126" type="stmt" count="0"/>
        <line num="127" type="stmt" count="0"/>
        <line num="129" type="stmt" count="0"/>
        <line num="131" type="stmt" count="0"/>
        <line num="132" type="stmt" count="0"/>
        <line num="134" type="stmt" count="0"/>
        <line num="137" type="stmt" count="0"/>
        <line num="138" type="stmt" count="0"/>
        <line num="139" type="stmt" count="0"/>
        <line num="140" type="stmt" count="0"/>
        <line num="142" type="stmt" count="0"/>
        <line num="145" type="stmt" count="0"/>
        <line num="147" type="stmt" count="0"/>
        <line num="148" type="stmt" count="0"/>
        <line num="150" type="stmt" count="0"/>
        <line num="151" type="stmt" count="0"/>
        <line num="152" type="stmt" count="0"/>
        <line num="153" type="stmt" count="0"/>
        <line num="156" type="stmt" count="0"/>
        <metrics loc="158" ncloc="144" classes="1" methods="8" coveredmethods="0" conditionals="0" coveredconditionals="0" statements="73" coveredstatements="0" elements="81" coveredelements="0"/>
      </file>
      <file name="/var/www/tokenpass/app/Providers/CMSAuth/CMSAccountLoaderMockBuilder.php">
        <class name="CMSAccountLoaderMockBuilder" namespace="TKAccounts\Providers\CMSAuth">
          <metrics methods="2" coveredmethods="2" conditionals="0" coveredconditionals="0" statements="6" coveredstatements="6" elements="8" coveredelements="8"/>
        </class>
        <line num="11" type="method" name="installMockCMSAccountLoader" crap="1" count="46"/>
        <line num="12" type="stmt" count="46"/>
        <line num="14" type="stmt" count="46"/>
        <line num="15" type="stmt" count="46"/>
        <line num="16" type="stmt" count="46"/>
        <line num="19" type="method" name="anonymous function" crap="1" count="46"/>
        <line num="20" type="stmt" count="15"/>
        <line num="21" type="stmt" count="46"/>
        <line num="23" type="stmt" count="46"/>
        <metrics loc="23" ncloc="21" classes="1" methods="2" coveredmethods="2" conditionals="0" coveredconditionals="0" statements="7" coveredstatements="7" elements="9" coveredelements="9"/>
      </file>
      <file name="/var/www/tokenpass/app/Providers/CMSAuth/CMSAuthServiceProvider.php">
        <class name="CMSAuthServiceProvider" namespace="TKAccounts\Providers\CMSAuth">
          <metrics methods="2" coveredmethods="0" conditionals="0" coveredconditionals="0" statements="3" coveredstatements="1" elements="5" coveredelements="1"/>
        </class>
        <line num="19" type="method" name="anonymous function" crap="1.12" count="46"/>
        <line num="20" type="stmt" count="0"/>
        <line num="21" type="stmt" count="46"/>
        <line num="22" type="stmt" count="46"/>
        <line num="29" type="method" name="provides" crap="2" count="0"/>
        <line num="31" type="stmt" count="0"/>
        <metrics loc="34" ncloc="24" classes="1" methods="2" coveredmethods="0" conditionals="0" coveredconditionals="0" statements="4" coveredstatements="2" elements="6" coveredelements="2"/>
      </file>
      <file name="/var/www/tokenpass/app/Providers/CMSAuth/CMSException.php">
        <class name="CMSException" namespace="TKAccounts\Providers\CMSAuth">
          <metrics methods="2" coveredmethods="0" conditionals="0" coveredconditionals="0" statements="4" coveredstatements="0" elements="6" coveredelements="0"/>
        </class>
        <line num="10" type="method" name="setJSONResponse" crap="2" count="0"/>
        <line num="11" type="stmt" count="0"/>
        <line num="12" type="stmt" count="0"/>
        <line num="14" type="method" name="getJSONResponse" crap="2" count="0"/>
        <line num="15" type="stmt" count="0"/>
        <line num="16" type="stmt" count="0"/>
        <metrics loc="17" ncloc="17" classes="1" methods="2" coveredmethods="0" conditionals="0" coveredconditionals="0" statements="4" coveredstatements="0" elements="6" coveredelements="0"/>
      </file>
      <file name="/var/www/tokenpass/app/Providers/CMSAuth/Util.php">
        <class name="Util" namespace="TKAccounts\Providers\CMSAuth">
          <metrics methods="1" coveredmethods="1" conditionals="0" coveredconditionals="0" statements="4" coveredstatements="4" elements="5" coveredelements="5"/>
        </class>
        <line num="10" type="method" name="slugify" crap="1" count="41"/>
        <line num="11" type="stmt" count="41"/>
        <line num="12" type="stmt" count="41"/>
        <line num="13" type="stmt" count="41"/>
        <line num="14" type="stmt" count="41"/>
        <metrics loc="17" ncloc="17" classes="1" methods="1" coveredmethods="1" conditionals="0" coveredconditionals="0" statements="4" coveredstatements="4" elements="5" coveredelements="5"/>
      </file>
    </package>
    <package name="TKAccounts\Providers\CMSAuth\Mock">
      <file name="/var/www/tokenpass/app/Providers/CMSAuth/Mock/MockTestCase.php">
        <class name="MockTestCase" namespace="TKAccounts\Providers\CMSAuth\Mock">
          <metrics methods="0" coveredmethods="0" conditionals="0" coveredconditionals="0" statements="0" coveredstatements="0" elements="0" coveredelements="0"/>
        </class>
        <metrics loc="12" ncloc="10" classes="1" methods="0" coveredmethods="0" conditionals="0" coveredconditionals="0" statements="0" coveredstatements="0" elements="0" coveredelements="0"/>
      </file>
    </package>
    <package name="TKAccounts\Providers\Monitoring">
      <file name="/var/www/tokenpass/app/Providers/Monitoring/MonitoringServiceProvider.php">
        <class name="MonitoringServiceProvider" namespace="TKAccounts\Providers\Monitoring">
          <metrics methods="1" coveredmethods="1" conditionals="0" coveredconditionals="0" statements="2" coveredstatements="2" elements="3" coveredelements="3"/>
        </class>
        <line num="14" type="method" name="register" crap="1" count="46"/>
        <line num="16" type="stmt" count="46"/>
        <line num="17" type="stmt" count="46"/>
        <metrics loc="20" ncloc="15" classes="1" methods="1" coveredmethods="1" conditionals="0" coveredconditionals="0" statements="2" coveredstatements="2" elements="3" coveredelements="3"/>
      </file>
    </package>
    <package name="TKAccounts\Repositories">
      <file name="/var/www/tokenpass/app/Repositories/AddressRepository.php">
        <class name="AddressRepository" namespace="TKAccounts\Repositories">
          <metrics methods="2" coveredmethods="2" conditionals="0" coveredconditionals="0" statements="2" coveredstatements="2" elements="4" coveredelements="4"/>
        </class>
        <line num="17" type="method" name="findByReceiveMonitorID" crap="1" count="1"/>
        <line num="18" type="stmt" count="1"/>
        <line num="21" type="method" name="findBySendMonitorID" crap="1" count="1"/>
        <line num="22" type="stmt" count="1"/>
        <metrics loc="27" ncloc="24" classes="1" methods="2" coveredmethods="2" conditionals="0" coveredconditionals="0" statements="2" coveredstatements="2" elements="4" coveredelements="4"/>
      </file>
      <file name="/var/www/tokenpass/app/Repositories/ClientConnectionRepository.php">
        <class name="ClientConnectionRepository" namespace="TKAccounts\Repositories">
          <metrics methods="5" coveredmethods="3" conditionals="0" coveredconditionals="0" statements="39" coveredstatements="30" elements="44" coveredelements="33"/>
        </class>
        <line num="22" type="method" name="connectUserToClient" crap="6" count="3"/>
        <line num="23" type="stmt" count="3"/>
        <line num="24" type="stmt" count="3"/>
        <line num="25" type="stmt" count="3"/>
        <line num="26" type="stmt" count="3"/>
        <line num="27" type="stmt" count="3"/>
        <line num="28" type="stmt" count="2"/>
        <line num="29" type="stmt" count="2"/>
        <line num="30" type="stmt" count="2"/>
        <line num="31" type="stmt" count="2"/>
        <line num="32" type="stmt" count="2"/>
        <line num="34" type="stmt" count="0"/>
        <line num="36" type="stmt" count="2"/>
        <line num="37" type="stmt" count="2"/>
        <line num="38" type="stmt" count="2"/>
        <line num="39" type="stmt" count="2"/>
        <line num="40" type="stmt" count="2"/>
        <line num="41" type="stmt" count="2"/>
        <line num="42" type="stmt" count="2"/>
        <line num="43" type="stmt" count="2"/>
        <line num="45" type="stmt" count="3"/>
        <line num="48" type="method" name="disconnectUserFromClient" crap="2" count="1"/>
        <line num="49" type="stmt" count="1"/>
        <line num="51" type="stmt" count="1"/>
        <line num="52" type="stmt" count="1"/>
        <line num="53" type="stmt" count="1"/>
        <line num="54" type="stmt" count="1"/>
        <line num="56" type="method" name="isUserConnectedToClient" crap="2" count="4"/>
        <line num="57" type="stmt" count="4"/>
        <line num="58" type="stmt" count="4"/>
        <line num="61" type="method" name="findClientConnection" crap="1" count="4"/>
        <line num="62" type="stmt" count="4"/>
        <line num="63" type="stmt" count="4"/>
        <line num="64" type="stmt" count="4"/>
        <line num="65" type="stmt" count="4"/>
        <line num="68" type="method" name="buildConnectedClientDetialsForUser" crap="6" count="0"/>
        <line num="69" type="stmt" count="0"/>
        <line num="71" type="stmt" count="0"/>
        <line num="72" type="stmt" count="0"/>
        <line num="73" type="stmt" count="0"/>
        <line num="74" type="stmt" count="0"/>
        <line num="75" type="stmt" count="0"/>
        <line num="77" type="stmt" count="0"/>
        <line num="78" type="stmt" count="0"/>
        <metrics loc="81" ncloc="78" classes="1" methods="5" coveredmethods="3" conditionals="0" coveredconditionals="0" statements="39" coveredstatements="30" elements="44" coveredelements="33"/>
      </file>
      <file name="/var/www/tokenpass/app/Repositories/OAuthClientRepository.php">
        <class name="OAuthClientRepository" namespace="TKAccounts\Repositories">
          <metrics methods="1" coveredmethods="0" conditionals="0" coveredconditionals="0" statements="8" coveredstatements="4" elements="9" coveredelements="4"/>
        </class>
        <line num="18" type="method" name="modifyAttributesBeforeCreate" crap="4.12" count="4"/>
        <line num="19" type="stmt" count="4"/>
        <line num="22" type="stmt" count="4"/>
        <line num="23" type="stmt" count="0"/>
        <line num="24" type="stmt" count="0"/>
        <line num="26" type="stmt" count="4"/>
        <line num="27" type="stmt" count="0"/>
        <line num="28" type="stmt" count="0"/>
        <line num="30" type="stmt" count="4"/>
        <metrics loc="33" ncloc="28" classes="1" methods="1" coveredmethods="0" conditionals="0" coveredconditionals="0" statements="8" coveredstatements="4" elements="9" coveredelements="4"/>
      </file>
      <file name="/var/www/tokenpass/app/Repositories/OAuthScopeRepository.php">
        <class name="OAuthScopeRepository" namespace="TKAccounts\Repositories">
          <metrics methods="0" coveredmethods="0" conditionals="0" coveredconditionals="0" statements="0" coveredstatements="0" elements="0" coveredelements="0"/>
        </class>
        <metrics loc="16" ncloc="13" classes="1" methods="0" coveredmethods="0" conditionals="0" coveredconditionals="0" statements="0" coveredstatements="0" elements="0" coveredelements="0"/>
      </file>
      <file name="/var/www/tokenpass/app/Repositories/UserRepository.php">
        <class name="UserRepository" namespace="TKAccounts\Repositories">
          <metrics methods="9" coveredmethods="3" conditionals="0" coveredconditionals="0" statements="26" coveredstatements="20" elements="35" coveredelements="23"/>
        </class>
        <line num="23" type="method" name="findByUser" crap="2" count="0"/>
        <line num="24" type="stmt" count="0"/>
        <line num="27" type="method" name="findByUserID" crap="2" count="0"/>
        <line num="28" type="stmt" count="0"/>
        <line num="32" type="method" name="findByEmail" crap="2" count="0"/>
        <line num="33" type="stmt" count="0"/>
        <line num="36" type="method" name="findByUsername" crap="2" count="0"/>
        <line num="37" type="stmt" count="0"/>
        <line num="40" type="method" name="findBySlug" crap="1" count="1"/>
        <line num="41" type="stmt" count="1"/>
        <line num="45" type="method" name="findByAPIToken" crap="2" count="0"/>
        <line num="46" type="stmt" count="0"/>
        <line num="50" type="method" name="findByConfirmationCode" crap="1" count="2"/>
        <line num="51" type="stmt" count="2"/>
        <line num="55" type="method" name="modifyAttributesBeforeCreate" crap="6.01" count="40"/>
        <line num="56" type="stmt" count="40"/>
        <line num="59" type="stmt" count="40"/>
        <line num="60" type="stmt" count="40"/>
        <line num="61" type="stmt" count="40"/>
        <line num="62" type="stmt" count="40"/>
        <line num="63" type="stmt" count="40"/>
        <line num="64" type="stmt" count="40"/>
        <line num="67" type="stmt" count="40"/>
        <line num="68" type="stmt" count="40"/>
        <line num="69" type="stmt" count="40"/>
        <line num="71" type="stmt" count="0"/>
        <line num="75" type="stmt" count="40"/>
        <line num="76" type="stmt" count="40"/>
        <line num="77" type="stmt" count="40"/>
        <line num="79" type="stmt" count="40"/>
        <line num="82" type="method" name="modifyAttributesBeforeUpdate" crap="3" count="12"/>
        <line num="84" type="stmt" count="12"/>
        <line num="85" type="stmt" count="2"/>
        <line num="86" type="stmt" count="2"/>
        <line num="88" type="stmt" count="12"/>
        <metrics loc="91" ncloc="78" classes="1" methods="9" coveredmethods="3" conditionals="0" coveredconditionals="0" statements="26" coveredstatements="20" elements="35" coveredelements="23"/>
      </file>
    </package>
    <metrics files="60" loc="6046" ncloc="4996" classes="59" methods="203" coveredmethods="65" conditionals="0" coveredconditionals="0" statements="2850" coveredstatements="1057" elements="3053" coveredelements="1122"/>
  </project>
</coverage>
